c:\users\thecy\source\repos\spotifysongdisplayer\songgrubber\debug\songgrubber.pch
c:\users\thecy\source\repos\spotifysongdisplayer\songgrubber\debug\vc142.pdb
c:\users\thecy\source\repos\spotifysongdisplayer\songgrubber\debug\vc142.idb
c:\users\thecy\source\repos\spotifysongdisplayer\songgrubber\debug\pch.obj
c:\users\thecy\source\repos\spotifysongdisplayer\songgrubber\debug\main.obj
c:\users\thecy\source\repos\spotifysongdisplayer\songgrubber\debug\spotify.obj
c:\users\thecy\source\repos\spotifysongdisplayer\songgrubber\debug\processhandler.obj
c:\users\thecy\source\repos\spotifysongdisplayer\debug\songgrubber.lib
c:\users\thecy\source\repos\spotifysongdisplayer\debug\songgrubber.exp
c:\users\thecy\source\repos\spotifysongdisplayer\songgrubber\debug\dllmain.obj
c:\users\thecy\source\repos\spotifysongdisplayer\songgrubber\debug\processhandler.obj.enc
c:\users\thecy\source\repos\spotifysongdisplayer\songgrubber\debug\spotify.obj.enc
c:\users\thecy\source\repos\spotifysongdisplayer\debug\songgrubber.pdb
c:\users\thecy\source\repos\spotifysongdisplayer\songgrubber\debug\songgrubber.tlog\cl.command.1.tlog
c:\users\thecy\source\repos\spotifysongdisplayer\songgrubber\debug\songgrubber.tlog\cl.read.1.tlog
c:\users\thecy\source\repos\spotifysongdisplayer\songgrubber\debug\songgrubber.tlog\cl.write.1.tlog
c:\users\thecy\source\repos\spotifysongdisplayer\songgrubber\debug\songgrubber.tlog\lib-link.read.1.tlog
c:\users\thecy\source\repos\spotifysongdisplayer\songgrubber\debug\songgrubber.tlog\lib-link.write.1.tlog
c:\users\thecy\source\repos\spotifysongdisplayer\songgrubber\debug\songgrubber.tlog\lib.command.1.tlog
c:\users\thecy\source\repos\spotifysongdisplayer\songgrubber\debug\songgrubber.tlog\link.14432.delete.1.tlog
c:\users\thecy\source\repos\spotifysongdisplayer\songgrubber\debug\songgrubber.tlog\link.14512.delete.1.tlog
c:\users\thecy\source\repos\spotifysongdisplayer\songgrubber\debug\songgrubber.tlog\link.16184.delete.1.tlog
c:\users\thecy\source\repos\spotifysongdisplayer\songgrubber\debug\songgrubber.tlog\link.17420.delete.1.tlog
c:\users\thecy\source\repos\spotifysongdisplayer\songgrubber\debug\songgrubber.tlog\link.23276-cvtres.read.1.tlog
c:\users\thecy\source\repos\spotifysongdisplayer\songgrubber\debug\songgrubber.tlog\link.23276-cvtres.write.1.tlog
c:\users\thecy\source\repos\spotifysongdisplayer\songgrubber\debug\songgrubber.tlog\link.23276-rc.read.1.tlog
c:\users\thecy\source\repos\spotifysongdisplayer\songgrubber\debug\songgrubber.tlog\link.23276-rc.write.1.tlog
c:\users\thecy\source\repos\spotifysongdisplayer\songgrubber\debug\songgrubber.tlog\link.23276.delete.1.tlog
c:\users\thecy\source\repos\spotifysongdisplayer\songgrubber\debug\songgrubber.tlog\link.23276.read.1.tlog
c:\users\thecy\source\repos\spotifysongdisplayer\songgrubber\debug\songgrubber.tlog\link.23276.write.1.tlog
c:\users\thecy\source\repos\spotifysongdisplayer\songgrubber\debug\songgrubber.tlog\link.26508.delete.1.tlog
c:\users\thecy\source\repos\spotifysongdisplayer\songgrubber\debug\songgrubber.tlog\link.7152.delete.1.tlog
c:\users\thecy\source\repos\spotifysongdisplayer\songgrubber\debug\songgrubber.tlog\link.command.1.tlog
c:\users\thecy\source\repos\spotifysongdisplayer\songgrubber\debug\songgrubber.tlog\link.read.1.tlog
c:\users\thecy\source\repos\spotifysongdisplayer\songgrubber\debug\songgrubber.tlog\link.write.1.tlog
c:\users\thecy\source\repos\spotifysongdisplayer\songgrubber\debug\songgrubber.tlog\songgrubber.write.1u.tlog
